<?xml version="1.0" encoding="UTF-8"?>
<!-- Generated by org.testng.reporters.JUnitXMLReporter -->
<testsuite ignored="0" hostname="PravinL" failures="0" tests="1" name="Corporate QualityChecklist Test" time="0.008" errors="0" timestamp="2022-05-23T12:07:12 IST">
  <testcase classname="com.crm.base.TestBase" name="@AfterMethod tearDown" time="0.0">
    <failure type="java.lang.NullPointerException" message="Cannot invoke &amp;quot;org.openqa.selenium.WebDriver.quit()&amp;quot; because &amp;quot;com.crm.base.TestBase.driver&amp;quot; is null">
      <![CDATA[java.lang.NullPointerException: Cannot invoke "org.openqa.selenium.WebDriver.quit()" because "com.crm.base.TestBase.driver" is null
at com.crm.base.TestBase.tearDown(TestBase.java:142)
at java.base/java.util.ArrayList.forEach(ArrayList.java:1511)
... Removed 32 stack frames]]>
    </failure>
  </testcase> <!-- @AfterMethod tearDown -->
  <testcase classname="com.crm.testcases.CorporateQualityChecklistTest" name="smallServiceRatingTest" time="0.001">
    <skipped/>
  </testcase> <!-- smallServiceRatingTest -->
</testsuite> <!-- Corporate QualityChecklist Test -->
