<?xml version="1.0" encoding="UTF-8"?>
<!-- Generated by org.testng.reporters.JUnitXMLReporter -->
<testsuite ignored="0" hostname="DESKTOP-NN1942K" failures="0" tests="1" name="Corporate Quality Checklist Test" time="0.008" errors="0" timestamp="2022-06-09T10:40:22 IST">
  <testcase classname="com.crm.testcases.CorporateQualityChecklistTest" name="corporateQualityChecklistTest" time="0.002">
    <skipped/>
  </testcase> <!-- corporateQualityChecklistTest -->
</testsuite> <!-- Corporate Quality Checklist Test -->
