<?xml version="1.0" encoding="UTF-8"?>
<!-- Generated by org.testng.reporters.JUnitXMLReporter -->
<testsuite ignored="0" hostname="DESKTOP-NN1942K" failures="0" tests="1" name="Large Manufacturing Rating Test" time="0.005" errors="0" timestamp="2022-06-09T10:40:22 IST">
  <testcase classname="com.crm.testcases.LargeManufacturingRatingTest" name="largeManufacturingRatingTest" time="0.001">
    <skipped/>
  </testcase> <!-- largeManufacturingRatingTest -->
</testsuite> <!-- Large Manufacturing Rating Test -->
