<?xml version="1.0" encoding="UTF-8"?>
<!-- Generated by org.testng.reporters.JUnitXMLReporter -->
<testsuite ignored="0" hostname="Akila" failures="0" tests="1" name="Liabilities Lead Flow Update Status Code TO Account Opened State Test" time="0.005" errors="0" timestamp="2022-08-05T13:35:47 IST">
  <testcase classname="com.crm.testcases.AccountOpenedTest" name="accountOpenedTest" time="0.001">
    <skipped/>
  </testcase> <!-- accountOpenedTest -->
</testsuite> <!-- Liabilities Lead Flow Update Status Code TO Account Opened State Test -->
