<?xml version="1.0" encoding="UTF-8"?>
<!-- Generated by org.testng.reporters.JUnitXMLReporter -->
<testsuite ignored="0" hostname="DESKTOP-NN1942K" failures="0" tests="1" name="Pending For Disaggre Send Back Test" time="0.006" errors="0" timestamp="2022-06-09T10:40:23 IST">
  <testcase classname="com.crm.testcases.PendingForDisaggreSendBackTest" name="pendingForDisaggreSendBackTest" time="0.002">
    <skipped/>
  </testcase> <!-- pendingForDisaggreSendBackTest -->
</testsuite> <!-- Pending For Disaggre Send Back Test -->
