<?xml version="1.0" encoding="UTF-8"?>
<!-- Generated by org.testng.reporters.JUnitXMLReporter -->
<testsuite ignored="0" hostname="DESKTOP-NN1942K" failures="0" tests="1" name="Trader Borrower Creation Test" time="0.009" errors="0" timestamp="2022-06-09T10:40:21 IST">
  <testcase classname="com.crm.testcases.TraderBorrowerCreationTest" name="traderBorrowerCreationTest" time="0.003">
    <skipped/>
  </testcase> <!-- traderBorrowerCreationTest -->
</testsuite> <!-- Trader Borrower Creation Test -->
