<?xml version="1.0" encoding="UTF-8"?>
<!-- Generated by org.testng.reporters.JUnitXMLReporter -->
<testsuite ignored="0" hostname="Akila" failures="0" tests="1" name="Liabilities Lead Flow Update Status Code TO Doc Collected State Test(failed)" time="0.018" errors="0" timestamp="2022-08-02T16:04:34 IST">
  <testcase classname="com.crm.base.TestBase" name="@AfterMethod tearDown" time="0.0">
    <failure type="java.lang.NullPointerException" message="Cannot invoke &amp;quot;org.openqa.selenium.WebDriver.quit()&amp;quot; because &amp;quot;com.crm.base.TestBase.driver&amp;quot; is null">
      <![CDATA[java.lang.NullPointerException: Cannot invoke "org.openqa.selenium.WebDriver.quit()" because "com.crm.base.TestBase.driver" is null
at com.crm.base.TestBase.tearDown(TestBase.java:128)
at java.base/java.util.ArrayList.forEach(ArrayList.java:1511)
... Removed 32 stack frames]]>
    </failure>
  </testcase> <!-- @AfterMethod tearDown -->
  <testcase classname="com.crm.testcases.DocCollectedTest" name="docCollectedTest" time="0.003">
    <skipped/>
  </testcase> <!-- docCollectedTest -->
</testsuite> <!-- Liabilities Lead Flow Update Status Code TO Doc Collected State Test(failed) -->
